# JRE version: OpenJDK Runtime Environment (8.0_191-b12) (build 1.8.0_191-8u191-b12-2ubuntu0.16.04.1-b12)
# Java VM: OpenJDK 64-Bit Server VM (25.191-b12 mixed mode linux-amd64 compressed oops)
Heap:
 PSYoungGen      total 145920K, used 9844K [0x00000000eab00000, 0x00000000f4d00000, 0x0000000100000000)
  eden space 135168K, 0% used [0x00000000eab00000,0x00000000eab00000,0x00000000f2f00000)
  from space 10752K, 91% used [0x00000000f3800000,0x00000000f419d218,0x00000000f4280000)
  to   space 8192K, 0% used [0x00000000f4500000,0x00000000f4500000,0x00000000f4d00000)
 ParOldGen       total 54272K, used 34193K [0x00000000c0000000, 0x00000000c3500000, 0x00000000eab00000)
  object space 54272K, 63% used [0x00000000c0000000,0x00000000c2164450,0x00000000c3500000)
 Metaspace       used 40940K, capacity 42150K, committed 42328K, reserved 1085440K
  class space    used 5929K, capacity 6406K, committed 6488K, reserved 1048576K
GC Heap History (10 events):
Event: 19.687 GC heap after
Heap after GC invocations=14 (full 1):
 PSYoungGen      total 75264K, used 5632K [0x00000000eab00000, 0x00000000f1a80000, 0x0000000100000000)
  eden space 69632K, 0% used [0x00000000eab00000,0x00000000eab00000,0x00000000eef00000)
  from space 5632K, 100% used [0x00000000eef00000,0x00000000ef480000,0x00000000ef480000)
  to   space 7680K, 0% used [0x00000000f1300000,0x00000000f1300000,0x00000000f1a80000)
 ParOldGen       total 30720K, used 13185K [0x00000000c0000000, 0x00000000c1e00000, 0x00000000eab00000)
  object space 30720K, 42% used [0x00000000c0000000,0x00000000c0ce0438,0x00000000c1e00000)
 Metaspace       used 30987K, capacity 31384K, committed 31616K, reserved 1077248K
  class space    used 4288K, capacity 4455K, committed 4480K, reserved 1048576K
}
Event: 21.164 GC heap before
{Heap before GC invocations=15 (full 1):
 PSYoungGen      total 75264K, used 75264K [0x00000000eab00000, 0x00000000f1a80000, 0x0000000100000000)
  eden space 69632K, 100% used [0x00000000eab00000,0x00000000eef00000,0x00000000eef00000)
  from space 5632K, 100% used [0x00000000eef00000,0x00000000ef480000,0x00000000ef480000)
  to   space 7680K, 0% used [0x00000000f1300000,0x00000000f1300000,0x00000000f1a80000)
 ParOldGen       total 30720K, used 13185K [0x00000000c0000000, 0x00000000c1e00000, 0x00000000eab00000)
  object space 30720K, 42% used [0x00000000c0000000,0x00000000c0ce0438,0x00000000c1e00000)
 Metaspace       used 34425K, capacity 34952K, committed 35328K, reserved 1079296K
  class space    used 4881K, capacity 5059K, committed 5120K, reserved 1048576K
Event: 21.186 GC heap after
Heap after GC invocations=15 (full 1):
 PSYoungGen      total 106496K, used 6078K [0x00000000eab00000, 0x00000000f1b80000, 0x0000000100000000)
  eden space 98816K, 0% used [0x00000000eab00000,0x00000000eab00000,0x00000000f0b80000)
  from space 7680K, 79% used [0x00000000f1300000,0x00000000f18ef940,0x00000000f1a80000)
  to   space 7680K, 0% used [0x00000000f0b80000,0x00000000f0b80000,0x00000000f1300000)
 ParOldGen       total 30720K, used 18789K [0x00000000c0000000, 0x00000000c1e00000, 0x00000000eab00000)
  object space 30720K, 61% used [0x00000000c0000000,0x00000000c1259508,0x00000000c1e00000)
 Metaspace       used 34425K, capacity 34952K, committed 35328K, reserved 1079296K
  class space    used 4881K, capacity 5059K, committed 5120K, reserved 1048576K
}
Event: 21.319 GC heap before
{Heap before GC invocations=16 (full 1):
 PSYoungGen      total 106496K, used 21316K [0x00000000eab00000, 0x00000000f1b80000, 0x0000000100000000)
  eden space 98816K, 15% used [0x00000000eab00000,0x00000000eb9e1740,0x00000000f0b80000)
  from space 7680K, 79% used [0x00000000f1300000,0x00000000f18ef940,0x00000000f1a80000)
  to   space 7680K, 0% used [0x00000000f0b80000,0x00000000f0b80000,0x00000000f1300000)
 ParOldGen       total 30720K, used 18789K [0x00000000c0000000, 0x00000000c1e00000, 0x00000000eab00000)
  object space 30720K, 61% used [0x00000000c0000000,0x00000000c1259508,0x00000000c1e00000)
 Metaspace       used 34729K, capacity 35278K, committed 35416K, reserved 1079296K
  class space    used 4933K, capacity 5168K, committed 5208K, reserved 1048576K
Event: 21.328 GC heap after
Heap after GC invocations=16 (full 1):
 PSYoungGen      total 106496K, used 1663K [0x00000000eab00000, 0x00000000f4d00000, 0x0000000100000000)
  eden space 98816K, 0% used [0x00000000eab00000,0x00000000eab00000,0x00000000f0b80000)
  from space 7680K, 21% used [0x00000000f0b80000,0x00000000f0d1fd98,0x00000000f1300000)
  to   space 8192K, 0% used [0x00000000f4500000,0x00000000f4500000,0x00000000f4d00000)
 ParOldGen       total 30720K, used 22807K [0x00000000c0000000, 0x00000000c1e00000, 0x00000000eab00000)
  object space 30720K, 74% used [0x00000000c0000000,0x00000000c1645d48,0x00000000c1e00000)
 Metaspace       used 34729K, capacity 35278K, committed 35416K, reserved 1079296K
  class space    used 4933K, capacity 5168K, committed 5208K, reserved 1048576K
}
Event: 21.328 GC heap before
{Heap before GC invocations=17 (full 2):
 PSYoungGen      total 106496K, used 1663K [0x00000000eab00000, 0x00000000f4d00000, 0x0000000100000000)
  eden space 98816K, 0% used [0x00000000eab00000,0x00000000eab00000,0x00000000f0b80000)
  from space 7680K, 21% used [0x00000000f0b80000,0x00000000f0d1fd98,0x00000000f1300000)
  to   space 8192K, 0% used [0x00000000f4500000,0x00000000f4500000,0x00000000f4d00000)
 ParOldGen       total 30720K, used 22807K [0x00000000c0000000, 0x00000000c1e00000, 0x00000000eab00000)
  object space 30720K, 74% used [0x00000000c0000000,0x00000000c1645d48,0x00000000c1e00000)
 Metaspace       used 34729K, capacity 35278K, committed 35416K, reserved 1079296K
  class space    used 4933K, capacity 5168K, committed 5208K, reserved 1048576K
Event: 21.541 GC heap after
Heap after GC invocations=17 (full 2):
 PSYoungGen      total 106496K, used 0K [0x00000000eab00000, 0x00000000f4d00000, 0x0000000100000000)
  eden space 98816K, 0% used [0x00000000eab00000,0x00000000eab00000,0x00000000f0b80000)
  from space 7680K, 0% used [0x00000000f0b80000,0x00000000f0b80000,0x00000000f1300000)
  to   space 8192K, 0% used [0x00000000f4500000,0x00000000f4500000,0x00000000f4d00000)
 ParOldGen       total 54272K, used 21138K [0x00000000c0000000, 0x00000000c3500000, 0x00000000eab00000)
  object space 54272K, 38% used [0x00000000c0000000,0x00000000c14a4980,0x00000000c3500000)
 Metaspace       used 34729K, capacity 35278K, committed 35416K, reserved 1079296K
  class space    used 4933K, capacity 5168K, committed 5208K, reserved 1048576K
}
Event: 25.184 GC heap before
{Heap before GC invocations=18 (full 2):
 PSYoungGen      total 106496K, used 98816K [0x00000000eab00000, 0x00000000f4d00000, 0x0000000100000000)
  eden space 98816K, 100% used [0x00000000eab00000,0x00000000f0b80000,0x00000000f0b80000)
  from space 7680K, 0% used [0x00000000f0b80000,0x00000000f0b80000,0x00000000f1300000)
  to   space 8192K, 0% used [0x00000000f4500000,0x00000000f4500000,0x00000000f4d00000)
 ParOldGen       total 54272K, used 21138K [0x00000000c0000000, 0x00000000c3500000, 0x00000000eab00000)
  object space 54272K, 38% used [0x00000000c0000000,0x00000000c14a4980,0x00000000c3500000)
 Metaspace       used 37949K, capacity 38776K, committed 39000K, reserved 1083392K
  class space    used 5432K, capacity 5720K, committed 5720K, reserved 1048576K
Event: 25.212 GC heap after
Heap after GC invocations=18 (full 2):
 PSYoungGen      total 143360K, used 8176K [0x00000000eab00000, 0x00000000f4d00000, 0x0000000100000000)
  eden space 135168K, 0% used [0x00000000eab00000,0x00000000eab00000,0x00000000f2f00000)
  from space 8192K, 99% used [0x00000000f4500000,0x00000000f4cfc050,0x00000000f4d00000)
  to   space 10752K, 0% used [0x00000000f3800000,0x00000000f3800000,0x00000000f4280000)
 ParOldGen       total 54272K, used 25993K [0x00000000c0000000, 0x00000000c3500000, 0x00000000eab00000)
  object space 54272K, 47% used [0x00000000c0000000,0x00000000c19625a0,0x00000000c3500000)
 Metaspace       used 37949K, capacity 38776K, committed 39000K, reserved 1083392K
  class space    used 5432K, capacity 5720K, committed 5720K, reserved 1048576K
}
Event: 2190.735 GC heap before
{Heap before GC invocations=19 (full 2):
 PSYoungGen      total 143360K, used 143344K [0x00000000eab00000, 0x00000000f4d00000, 0x0000000100000000)
  eden space 135168K, 100% used [0x00000000eab00000,0x00000000f2f00000,0x00000000f2f00000)
  from space 8192K, 99% used [0x00000000f4500000,0x00000000f4cfc050,0x00000000f4d00000)
  to   space 10752K, 0% used [0x00000000f3800000,0x00000000f3800000,0x00000000f4280000)
 ParOldGen       total 54272K, used 25993K [0x00000000c0000000, 0x00000000c3500000, 0x00000000eab00000)
  object space 54272K, 47% used [0x00000000c0000000,0x00000000c19625a0,0x00000000c3500000)
 Metaspace       used 40940K, capacity 42150K, committed 42328K, reserved 1085440K
  class space    used 5929K, capacity 6406K, committed 6488K, reserved 1048576K

